<?xml version="1.0" encoding="UTF-8"?>
<!-- Generated by org.testng.reporters.JUnitReportReporter -->
<testsuite skipped="0" hostname="Jaya-Janardhana" name="com.testCases.TC_LoginTest" tests="1" failures="0" timestamp="2022-09-22T01:01:39 IST" time="1.553" errors="0">
  <testcase name="loginTest" time="1.553" classname="com.testCases.TC_LoginTest"/>
  <system-out/>
</testsuite> <!-- com.testCases.TC_LoginTest -->
