<?xml version="1.0" encoding="UTF-8"?>
<!-- Generated by org.testng.reporters.JUnitReportReporter -->
<testsuite skipped="0" hostname="Jaya-Janardhana" name="com.testCases.TC_RegisterTest" tests="1" failures="0" timestamp="2022-09-21T20:12:34 IST" time="5.447" errors="0">
  <testcase name="registerTest" time="5.447" classname="com.testCases.TC_RegisterTest"/>
  <system-out/>
</testsuite> <!-- com.testCases.TC_RegisterTest -->
