<?xml version="1.0" encoding="UTF-8"?>
<!-- Generated by org.testng.reporters.JUnitReportReporter -->
<testsuite skipped="0" hostname="Jaya-Janardhana" name="com.inetBanking.testCases.TC_LoginTest_001" tests="1" failures="0" timestamp="2022-09-07T13:35:57 IST" time="3.452" errors="0">
  <testcase name="loginTest" time="3.452" classname="com.inetBanking.testCases.TC_LoginTest_001"/>
  <system-out/>
</testsuite> <!-- com.inetBanking.testCases.TC_LoginTest_001 -->
